# JRE version: Java(TM) SE Runtime Environment (13.0.2+8) (build 13.0.2+8)
# Java VM: Java HotSpot(TM) 64-Bit Server VM (13.0.2+8, mixed mode, sharing, tiered, compressed oops, g1 gc, bsd-amd64)
Heap:
 garbage-first heap   total 81920K, used 43880K [0x0000000780000000, 0x0000000800000000)
  region size 1024K, 15 young (15360K), 1 survivors (1024K)
 Metaspace       used 9375K, capacity 9678K, committed 9856K, reserved 1058816K
  class space    used 975K, capacity 1092K, committed 1152K, reserved 1048576K
GC Heap History (20 events):
Event: 9.118 GC heap before
{Heap before GC invocations=3 (full 0):
 garbage-first heap   total 133120K, used 113796K [0x0000000780000000, 0x0000000800000000)
  region size 1024K, 58 young (59392K), 1 survivors (1024K)
 Metaspace       used 8534K, capacity 8809K, committed 9088K, reserved 1056768K
  class space    used 940K, capacity 1080K, committed 1152K, reserved 1048576K
}
Event: 9.119 GC heap after
{Heap after GC invocations=4 (full 0):
 garbage-first heap   total 133120K, used 41540K [0x0000000780000000, 0x0000000800000000)
  region size 1024K, 1 young (1024K), 1 survivors (1024K)
 Metaspace       used 8534K, capacity 8809K, committed 9088K, reserved 1056768K
  class space    used 940K, capacity 1080K, committed 1152K, reserved 1048576K
}
Event: 10.318 GC heap before
{Heap before GC invocations=5 (full 0):
 garbage-first heap   total 133120K, used 89668K [0x0000000780000000, 0x0000000800000000)
  region size 1024K, 34 young (34816K), 1 survivors (1024K)
 Metaspace       used 8537K, capacity 8809K, committed 9088K, reserved 1056768K
  class space    used 940K, capacity 1080K, committed 1152K, reserved 1048576K
}
Event: 10.319 GC heap after
{Heap after GC invocations=6 (full 0):
 garbage-first heap   total 133120K, used 25116K [0x0000000780000000, 0x0000000800000000)
  region size 1024K, 1 young (1024K), 1 survivors (1024K)
 Metaspace       used 8537K, capacity 8809K, committed 9088K, reserved 1056768K
  class space    used 940K, capacity 1080K, committed 1152K, reserved 1048576K
}
Event: 11.424 GC heap before
{Heap before GC invocations=7 (full 0):
 garbage-first heap   total 99328K, used 72220K [0x0000000780000000, 0x0000000800000000)
  region size 1024K, 32 young (32768K), 1 survivors (1024K)
 Metaspace       used 8624K, capacity 8874K, committed 9088K, reserved 1056768K
  class space    used 940K, capacity 1080K, committed 1152K, reserved 1048576K
}
Event: 11.425 GC heap after
{Heap after GC invocations=8 (full 0):
 garbage-first heap   total 99328K, used 24078K [0x0000000780000000, 0x0000000800000000)
  region size 1024K, 1 young (1024K), 1 survivors (1024K)
 Metaspace       used 8624K, capacity 8874K, committed 9088K, reserved 1056768K
  class space    used 940K, capacity 1080K, committed 1152K, reserved 1048576K
}
Event: 12.536 GC heap before
{Heap before GC invocations=9 (full 0):
 garbage-first heap   total 96256K, used 72206K [0x0000000780000000, 0x0000000800000000)
  region size 1024K, 32 young (32768K), 1 survivors (1024K)
 Metaspace       used 8825K, capacity 9066K, committed 9344K, reserved 1056768K
  class space    used 947K, capacity 1080K, committed 1152K, reserved 1048576K
}
Event: 12.537 GC heap after
{Heap after GC invocations=10 (full 0):
 garbage-first heap   total 96256K, used 24097K [0x0000000780000000, 0x0000000800000000)
  region size 1024K, 1 young (1024K), 1 survivors (1024K)
 Metaspace       used 8825K, capacity 9066K, committed 9344K, reserved 1056768K
  class space    used 947K, capacity 1080K, committed 1152K, reserved 1048576K
}
Event: 13.666 GC heap before
{Heap before GC invocations=11 (full 0):
 garbage-first heap   total 96256K, used 70177K [0x0000000780000000, 0x0000000800000000)
  region size 1024K, 31 young (31744K), 1 survivors (1024K)
 Metaspace       used 8850K, capacity 9130K, committed 9344K, reserved 1056768K
  class space    used 947K, capacity 1080K, committed 1152K, reserved 1048576K
}
Event: 13.667 GC heap after
{Heap after GC invocations=12 (full 0):
 garbage-first heap   total 96256K, used 24077K [0x0000000780000000, 0x0000000800000000)
  region size 1024K, 1 young (1024K), 1 survivors (1024K)
 Metaspace       used 8850K, capacity 9130K, committed 9344K, reserved 1056768K
  class space    used 947K, capacity 1080K, committed 1152K, reserved 1048576K
}
Event: 14.740 GC heap before
{Heap before GC invocations=13 (full 0):
 garbage-first heap   total 96256K, used 71181K [0x0000000780000000, 0x0000000800000000)
  region size 1024K, 32 young (32768K), 1 survivors (1024K)
 Metaspace       used 9300K, capacity 9614K, committed 9856K, reserved 1058816K
  class space    used 975K, capacity 1092K, committed 1152K, reserved 1048576K
}
Event: 14.741 GC heap after
{Heap after GC invocations=14 (full 0):
 garbage-first heap   total 96256K, used 21331K [0x0000000780000000, 0x0000000800000000)
  region size 1024K, 1 young (1024K), 1 survivors (1024K)
 Metaspace       used 9300K, capacity 9614K, committed 9856K, reserved 1058816K
  class space    used 975K, capacity 1092K, committed 1152K, reserved 1048576K
}
Event: 15.710 GC heap before
{Heap before GC invocations=15 (full 0):
 garbage-first heap   total 86016K, used 63315K [0x0000000780000000, 0x0000000800000000)
  region size 1024K, 28 young (28672K), 1 survivors (1024K)
 Metaspace       used 9304K, capacity 9614K, committed 9856K, reserved 1058816K
  class space    used 975K, capacity 1092K, committed 1152K, reserved 1048576K
}
Event: 15.711 GC heap after
{Heap after GC invocations=16 (full 0):
 garbage-first heap   total 86016K, used 22362K [0x0000000780000000, 0x0000000800000000)
  region size 1024K, 1 young (1024K), 1 survivors (1024K)
 Metaspace       used 9304K, capacity 9614K, committed 9856K, reserved 1058816K
  class space    used 975K, capacity 1092K, committed 1152K, reserved 1048576K
}
Event: 16.517 GC heap before
{Heap before GC invocations=17 (full 0):
 garbage-first heap   total 86016K, used 61274K [0x0000000780000000, 0x0000000800000000)
  region size 1024K, 26 young (26624K), 1 survivors (1024K)
 Metaspace       used 9311K, capacity 9614K, committed 9856K, reserved 1058816K
  class space    used 975K, capacity 1092K, committed 1152K, reserved 1048576K
}
Event: 16.519 GC heap after
{Heap after GC invocations=18 (full 0):
 garbage-first heap   total 86016K, used 21335K [0x0000000780000000, 0x0000000800000000)
  region size 1024K, 1 young (1024K), 1 survivors (1024K)
 Metaspace       used 9311K, capacity 9614K, committed 9856K, reserved 1058816K
  class space    used 975K, capacity 1092K, committed 1152K, reserved 1048576K
}
Event: 17.420 GC heap before
{Heap before GC invocations=19 (full 0):
 garbage-first heap   total 86016K, used 61271K [0x0000000780000000, 0x0000000800000000)
  region size 1024K, 27 young (27648K), 1 survivors (1024K)
 Metaspace       used 9314K, capacity 9614K, committed 9856K, reserved 1058816K
  class space    used 975K, capacity 1092K, committed 1152K, reserved 1048576K
}
Event: 17.421 GC heap after
{Heap after GC invocations=20 (full 0):
 garbage-first heap   total 86016K, used 20317K [0x0000000780000000, 0x0000000800000000)
  region size 1024K, 1 young (1024K), 1 survivors (1024K)
 Metaspace       used 9314K, capacity 9614K, committed 9856K, reserved 1058816K
  class space    used 975K, capacity 1092K, committed 1152K, reserved 1048576K
}
Event: 18.392 GC heap before
{Heap before GC invocations=21 (full 0):
 garbage-first heap   total 81920K, used 62301K [0x0000000780000000, 0x0000000800000000)
  region size 1024K, 28 young (28672K), 1 survivors (1024K)
 Metaspace       used 9362K, capacity 9678K, committed 9856K, reserved 1058816K
  class space    used 975K, capacity 1092K, committed 1152K, reserved 1048576K
}
Event: 18.393 GC heap after
{Heap after GC invocations=22 (full 0):
 garbage-first heap   total 81920K, used 22376K [0x0000000780000000, 0x0000000800000000)
  region size 1024K, 1 young (1024K), 1 survivors (1024K)
 Metaspace       used 9362K, capacity 9678K, committed 9856K, reserved 1058816K
  class space    used 975K, capacity 1092K, committed 1152K, reserved 1048576K
}

